[2014-11-02 10:23:53] local.ERROR: exception 'InvalidArgumentException' with message 'There are no commands defined in the "ide-helper" namespace.' in /home/vagrant/Code/laravelinstall/vendor/symfony/console/Symfony/Component/Console/Application.php:516
Stack trace:
#0 /home/vagrant/Code/laravelinstall/vendor/symfony/console/Symfony/Component/Console/Application.php(550): Symfony\Component\Console\Application->findNamespace('ide-helper')
#1 /home/vagrant/Code/laravelinstall/vendor/symfony/console/Symfony/Component/Console/Application.php(190): Symfony\Component\Console\Application->find('ide-helper:gene...')
#2 /home/vagrant/Code/laravelinstall/vendor/symfony/console/Symfony/Component/Console/Application.php(124): Symfony\Component\Console\Application->doRun(Object(Symfony\Component\Console\Input\ArgvInput), Object(Symfony\Component\Console\Output\ConsoleOutput))
#3 /home/vagrant/Code/laravelinstall/artisan(59): Symfony\Component\Console\Application->run()
#4 {main} [] []
[2014-11-02 21:04:16] local.ERROR: exception 'ErrorException' with message 'Undefined variable: currentUser' in /home/vagrant/Code/laravelinstall/storage/views/13d41df3ac966cca52a9ce27e0cf6159:23
Stack trace:
#0 /home/vagrant/Code/laravelinstall/storage/views/13d41df3ac966cca52a9ce27e0cf6159(23): Illuminate\Exception\Handler->handleError(8, 'Undefined varia...', '/home/vagrant/C...', 23, Array)
#1 /home/vagrant/Code/laravelinstall/vendor/laravel/framework/src/Illuminate/View/Engines/PhpEngine.php(37): include('/home/vagrant/C...')
#2 /home/vagrant/Code/laravelinstall/vendor/laravel/framework/src/Illuminate/View/Engines/CompilerEngine.php(56): Illuminate\View\Engines\PhpEngine->evaluatePath('/home/vagrant/C...', Array)
#3 /home/vagrant/Code/laravelinstall/vendor/laravel/framework/src/Illuminate/View/View.php(134): Illuminate\View\Engines\CompilerEngine->get('/home/vagrant/C...', Array)
#4 /home/vagrant/Code/laravelinstall/vendor/laravel/framework/src/Illuminate/View/View.php(102): Illuminate\View\View->getContents()
#5 /home/vagrant/Code/laravelinstall/vendor/laravel/framework/src/Illuminate/View/View.php(76): Illuminate\View\View->renderContents()
#6 /home/vagrant/Code/laravelinstall/storage/views/9b9f1018a043f6d7e997bfa56ba7e17b(28): Illuminate\View\View->render()
#7 /home/vagrant/Code/laravelinstall/vendor/laravel/framework/src/Illuminate/View/Engines/PhpEngine.php(37): include('/home/vagrant/C...')
#8 /home/vagrant/Code/laravelinstall/vendor/laravel/framework/src/Illuminate/View/Engines/CompilerEngine.php(56): Illuminate\View\Engines\PhpEngine->evaluatePath('/home/vagrant/C...', Array)
#9 /home/vagrant/Code/laravelinstall/vendor/laravel/framework/src/Illuminate/View/View.php(134): Illuminate\View\Engines\CompilerEngine->get('/home/vagrant/C...', Array)
#10 /home/vagrant/Code/laravelinstall/vendor/laravel/framework/src/Illuminate/View/View.php(102): Illuminate\View\View->getContents()
#11 /home/vagrant/Code/laravelinstall/vendor/laravel/framework/src/Illuminate/View/View.php(76): Illuminate\View\View->renderContents()
#12 /home/vagrant/Code/laravelinstall/storage/views/e3c6dc4601d995e05282a34191e2c635(10): Illuminate\View\View->render()
#13 /home/vagrant/Code/laravelinstall/vendor/laravel/framework/src/Illuminate/View/Engines/PhpEngine.php(37): include('/home/vagrant/C...')
#14 /home/vagrant/Code/laravelinstall/vendor/laravel/framework/src/Illuminate/View/Engines/CompilerEngine.php(56): Illuminate\View\Engines\PhpEngine->evaluatePath('/home/vagrant/C...', Array)
#15 /home/vagrant/Code/laravelinstall/vendor/laravel/framework/src/Illuminate/View/View.php(134): Illuminate\View\Engines\CompilerEngine->get('/home/vagrant/C...', Array)
#16 /home/vagrant/Code/laravelinstall/vendor/laravel/framework/src/Illuminate/View/View.php(102): Illuminate\View\View->getContents()
#17 /home/vagrant/Code/laravelinstall/vendor/laravel/framework/src/Illuminate/View/View.php(76): Illuminate\View\View->renderContents()
#18 /home/vagrant/Code/laravelinstall/storage/views/3a6712bdaa67ca87a810284099f3bf98(8): Illuminate\View\View->render()
#19 /home/vagrant/Code/laravelinstall/vendor/laravel/framework/src/Illuminate/View/Engines/PhpEngine.php(37): include('/home/vagrant/C...')
#20 /home/vagrant/Code/laravelinstall/vendor/laravel/framework/src/Illuminate/View/Engines/CompilerEngine.php(56): Illuminate\View\Engines\PhpEngine->evaluatePath('/home/vagrant/C...', Array)
#21 /home/vagrant/Code/laravelinstall/vendor/laravel/framework/src/Illuminate/View/View.php(134): Illuminate\View\Engines\CompilerEngine->get('/home/vagrant/C...', Array)
#22 /home/vagrant/Code/laravelinstall/vendor/laravel/framework/src/Illuminate/View/View.php(102): Illuminate\View\View->getContents()
#23 /home/vagrant/Code/laravelinstall/vendor/laravel/framework/src/Illuminate/View/View.php(76): Illuminate\View\View->renderContents()
#24 /home/vagrant/Code/laravelinstall/vendor/laravel/framework/src/Illuminate/Http/Response.php(43): Illuminate\View\View->render()
#25 /home/vagrant/Code/laravelinstall/vendor/symfony/http-foundation/Symfony/Component/HttpFoundation/Response.php(202): Illuminate\Http\Response->setContent(Object(Illuminate\View\View))
#26 /home/vagrant/Code/laravelinstall/vendor/laravel/framework/src/Illuminate/Routing/Router.php(1496): Symfony\Component\HttpFoundation\Response->__construct(Object(Illuminate\View\View))
#27 /home/vagrant/Code/laravelinstall/vendor/laravel/framework/src/Illuminate/Routing/Router.php(1031): Illuminate\Routing\Router->prepareResponse(Object(Illuminate\Http\Request), Object(Illuminate\View\View))
#28 /home/vagrant/Code/laravelinstall/vendor/laravel/framework/src/Illuminate/Routing/Router.php(996): Illuminate\Routing\Router->dispatchToRoute(Object(Illuminate\Http\Request))
#29 /home/vagrant/Code/laravelinstall/vendor/laravel/framework/src/Illuminate/Foundation/Application.php(775): Illuminate\Routing\Router->dispatch(Object(Illuminate\Http\Request))
#30 /home/vagrant/Code/laravelinstall/vendor/laravel/framework/src/Illuminate/Foundation/Application.php(745): Illuminate\Foundation\Application->dispatch(Object(Illuminate\Http\Request))
#31 /home/vagrant/Code/laravelinstall/vendor/barryvdh/laravel-debugbar/src/Middleware/Stack.php(34): Illuminate\Foundation\Application->handle(Object(Illuminate\Http\Request), 1, true)
#32 /home/vagrant/Code/laravelinstall/vendor/laravel/framework/src/Illuminate/Session/Middleware.php(72): Barryvdh\Debugbar\Middleware\Stack->handle(Object(Illuminate\Http\Request), 1, true)
#33 /home/vagrant/Code/laravelinstall/vendor/laravel/framework/src/Illuminate/Cookie/Queue.php(47): Illuminate\Session\Middleware->handle(Object(Illuminate\Http\Request), 1, true)
#34 /home/vagrant/Code/laravelinstall/vendor/laravel/framework/src/Illuminate/Cookie/Guard.php(51): Illuminate\Cookie\Queue->handle(Object(Illuminate\Http\Request), 1, true)
#35 /home/vagrant/Code/laravelinstall/vendor/stack/builder/src/Stack/StackedHttpKernel.php(23): Illuminate\Cookie\Guard->handle(Object(Illuminate\Http\Request), 1, true)
#36 /home/vagrant/Code/laravelinstall/vendor/laravel/framework/src/Illuminate/Foundation/Application.php(641): Stack\StackedHttpKernel->handle(Object(Illuminate\Http\Request))
#37 /home/vagrant/Code/laravelinstall/public_html/index.php(49): Illuminate\Foundation\Application->run()
#38 {main}

Next exception 'ErrorException' with message 'Undefined variable: currentUser (View: /home/vagrant/Code/laravelinstall/resources/views/layouts/partials/header.blade.php)' in /home/vagrant/Code/laravelinstall/storage/views/13d41df3ac966cca52a9ce27e0cf6159:23
Stack trace:
#0 /home/vagrant/Code/laravelinstall/vendor/laravel/framework/src/Illuminate/View/Engines/PhpEngine.php(41): Illuminate\View\Engines\CompilerEngine->handleViewException(Object(ErrorException), 1)
#1 /home/vagrant/Code/laravelinstall/vendor/laravel/framework/src/Illuminate/View/Engines/CompilerEngine.php(56): Illuminate\View\Engines\PhpEngine->evaluatePath('/home/vagrant/C...', Array)
#2 /home/vagrant/Code/laravelinstall/vendor/laravel/framework/src/Illuminate/View/View.php(134): Illuminate\View\Engines\CompilerEngine->get('/home/vagrant/C...', Array)
#3 /home/vagrant/Code/laravelinstall/vendor/laravel/framework/src/Illuminate/View/View.php(102): Illuminate\View\View->getContents()
#4 /home/vagrant/Code/laravelinstall/vendor/laravel/framework/src/Illuminate/View/View.php(76): Illuminate\View\View->renderContents()
#5 /home/vagrant/Code/laravelinstall/storage/views/9b9f1018a043f6d7e997bfa56ba7e17b(28): Illuminate\View\View->render()
#6 /home/vagrant/Code/laravelinstall/vendor/laravel/framework/src/Illuminate/View/Engines/PhpEngine.php(37): include('/home/vagrant/C...')
#7 /home/vagrant/Code/laravelinstall/vendor/laravel/framework/src/Illuminate/View/Engines/CompilerEngine.php(56): Illuminate\View\Engines\PhpEngine->evaluatePath('/home/vagrant/C...', Array)
#8 /home/vagrant/Code/laravelinstall/vendor/laravel/framework/src/Illuminate/View/View.php(134): Illuminate\View\Engines\CompilerEngine->get('/home/vagrant/C...', Array)
#9 /home/vagrant/Code/laravelinstall/vendor/laravel/framework/src/Illuminate/View/View.php(102): Illuminate\View\View->getContents()
#10 /home/vagrant/Code/laravelinstall/vendor/laravel/framework/src/Illuminate/View/View.php(76): Illuminate\View\View->renderContents()
#11 /home/vagrant/Code/laravelinstall/storage/views/e3c6dc4601d995e05282a34191e2c635(10): Illuminate\View\View->render()
#12 /home/vagrant/Code/laravelinstall/vendor/laravel/framework/src/Illuminate/View/Engines/PhpEngine.php(37): include('/home/vagrant/C...')
#13 /home/vagrant/Code/laravelinstall/vendor/laravel/framework/src/Illuminate/View/Engines/CompilerEngine.php(56): Illuminate\View\Engines\PhpEngine->evaluatePath('/home/vagrant/C...', Array)
#14 /home/vagrant/Code/laravelinstall/vendor/laravel/framework/src/Illuminate/View/View.php(134): Illuminate\View\Engines\CompilerEngine->get('/home/vagrant/C...', Array)
#15 /home/vagrant/Code/laravelinstall/vendor/laravel/framework/src/Illuminate/View/View.php(102): Illuminate\View\View->getContents()
#16 /home/vagrant/Code/laravelinstall/vendor/laravel/framework/src/Illuminate/View/View.php(76): Illuminate\View\View->renderContents()
#17 /home/vagrant/Code/laravelinstall/storage/views/3a6712bdaa67ca87a810284099f3bf98(8): Illuminate\View\View->render()
#18 /home/vagrant/Code/laravelinstall/vendor/laravel/framework/src/Illuminate/View/Engines/PhpEngine.php(37): include('/home/vagrant/C...')
#19 /home/vagrant/Code/laravelinstall/vendor/laravel/framework/src/Illuminate/View/Engines/CompilerEngine.php(56): Illuminate\View\Engines\PhpEngine->evaluatePath('/home/vagrant/C...', Array)
#20 /home/vagrant/Code/laravelinstall/vendor/laravel/framework/src/Illuminate/View/View.php(134): Illuminate\View\Engines\CompilerEngine->get('/home/vagrant/C...', Array)
#21 /home/vagrant/Code/laravelinstall/vendor/laravel/framework/src/Illuminate/View/View.php(102): Illuminate\View\View->getContents()
#22 /home/vagrant/Code/laravelinstall/vendor/laravel/framework/src/Illuminate/View/View.php(76): Illuminate\View\View->renderContents()
#23 /home/vagrant/Code/laravelinstall/vendor/laravel/framework/src/Illuminate/Http/Response.php(43): Illuminate\View\View->render()
#24 /home/vagrant/Code/laravelinstall/vendor/symfony/http-foundation/Symfony/Component/HttpFoundation/Response.php(202): Illuminate\Http\Response->setContent(Object(Illuminate\View\View))
#25 /home/vagrant/Code/laravelinstall/vendor/laravel/framework/src/Illuminate/Routing/Router.php(1496): Symfony\Component\HttpFoundation\Response->__construct(Object(Illuminate\View\View))
#26 /home/vagrant/Code/laravelinstall/vendor/laravel/framework/src/Illuminate/Routing/Router.php(1031): Illuminate\Routing\Router->prepareResponse(Object(Illuminate\Http\Request), Object(Illuminate\View\View))
#27 /home/vagrant/Code/laravelinstall/vendor/laravel/framework/src/Illuminate/Routing/Router.php(996): Illuminate\Routing\Router->dispatchToRoute(Object(Illuminate\Http\Request))
#28 /home/vagrant/Code/laravelinstall/vendor/laravel/framework/src/Illuminate/Foundation/Application.php(775): Illuminate\Routing\Router->dispatch(Object(Illuminate\Http\Request))
#29 /home/vagrant/Code/laravelinstall/vendor/laravel/framework/src/Illuminate/Foundation/Application.php(745): Illuminate\Foundation\Application->dispatch(Object(Illuminate\Http\Request))
#30 /home/vagrant/Code/laravelinstall/vendor/barryvdh/laravel-debugbar/src/Middleware/Stack.php(34): Illuminate\Foundation\Application->handle(Object(Illuminate\Http\Request), 1, true)
#31 /home/vagrant/Code/laravelinstall/vendor/laravel/framework/src/Illuminate/Session/Middleware.php(72): Barryvdh\Debugbar\Middleware\Stack->handle(Object(Illuminate\Http\Request), 1, true)
#32 /home/vagrant/Code/laravelinstall/vendor/laravel/framework/src/Illuminate/Cookie/Queue.php(47): Illuminate\Session\Middleware->handle(Object(Illuminate\Http\Request), 1, true)
#33 /home/vagrant/Code/laravelinstall/vendor/laravel/framework/src/Illuminate/Cookie/Guard.php(51): Illuminate\Cookie\Queue->handle(Object(Illuminate\Http\Request), 1, true)
#34 /home/vagrant/Code/laravelinstall/vendor/stack/builder/src/Stack/StackedHttpKernel.php(23): Illuminate\Cookie\Guard->handle(Object(Illuminate\Http\Request), 1, true)
#35 /home/vagrant/Code/laravelinstall/vendor/laravel/framework/src/Illuminate/Foundation/Application.php(641): Stack\StackedHttpKernel->handle(Object(Illuminate\Http\Request))
#36 /home/vagrant/Code/laravelinstall/public_html/index.php(49): Illuminate\Foundation\Application->run()
#37 {main}

Next exception 'ErrorException' with message 'Undefined variable: currentUser (View: /home/vagrant/Code/laravelinstall/resources/views/layouts/partials/header.blade.php) (View: /home/vagrant/Code/laravelinstall/resources/views/layouts/partials/header.blade.php)' in /home/vagrant/Code/laravelinstall/storage/views/13d41df3ac966cca52a9ce27e0cf6159:23
Stack trace:
#0 /home/vagrant/Code/laravelinstall/vendor/laravel/framework/src/Illuminate/View/Engines/PhpEngine.php(41): Illuminate\View\Engines\CompilerEngine->handleViewException(Object(ErrorException), 1)
#1 /home/vagrant/Code/laravelinstall/vendor/laravel/framework/src/Illuminate/View/Engines/CompilerEngine.php(56): Illuminate\View\Engines\PhpEngine->evaluatePath('/home/vagrant/C...', Array)
#2 /home/vagrant/Code/laravelinstall/vendor/laravel/framework/src/Illuminate/View/View.php(134): Illuminate\View\Engines\CompilerEngine->get('/home/vagrant/C...', Array)
#3 /home/vagrant/Code/laravelinstall/vendor/laravel/framework/src/Illuminate/View/View.php(102): Illuminate\View\View->getContents()
#4 /home/vagrant/Code/laravelinstall/vendor/laravel/framework/src/Illuminate/View/View.php(76): Illuminate\View\View->renderContents()
#5 /home/vagrant/Code/laravelinstall/storage/views/e3c6dc4601d995e05282a34191e2c635(10): Illuminate\View\View->render()
#6 /home/vagrant/Code/laravelinstall/vendor/laravel/framework/src/Illuminate/View/Engines/PhpEngine.php(37): include('/home/vagrant/C...')
#7 /home/vagrant/Code/laravelinstall/vendor/laravel/framework/src/Illuminate/View/Engines/CompilerEngine.php(56): Illuminate\View\Engines\PhpEngine->evaluatePath('/home/vagrant/C...', Array)
#8 /home/vagrant/Code/laravelinstall/vendor/laravel/framework/src/Illuminate/View/View.php(134): Illuminate\View\Engines\CompilerEngine->get('/home/vagrant/C...', Array)
#9 /home/vagrant/Code/laravelinstall/vendor/laravel/framework/src/Illuminate/View/View.php(102): Illuminate\View\View->getContents()
#10 /home/vagrant/Code/laravelinstall/vendor/laravel/framework/src/Illuminate/View/View.php(76): Illuminate\View\View->renderContents()
#11 /home/vagrant/Code/laravelinstall/storage/views/3a6712bdaa67ca87a810284099f3bf98(8): Illuminate\View\View->render()
#12 /home/vagrant/Code/laravelinstall/vendor/laravel/framework/src/Illuminate/View/Engines/PhpEngine.php(37): include('/home/vagrant/C...')
#13 /home/vagrant/Code/laravelinstall/vendor/laravel/framework/src/Illuminate/View/Engines/CompilerEngine.php(56): Illuminate\View\Engines\PhpEngine->evaluatePath('/home/vagrant/C...', Array)
#14 /home/vagrant/Code/laravelinstall/vendor/laravel/framework/src/Illuminate/View/View.php(134): Illuminate\View\Engines\CompilerEngine->get('/home/vagrant/C...', Array)
#15 /home/vagrant/Code/laravelinstall/vendor/laravel/framework/src/Illuminate/View/View.php(102): Illuminate\View\View->getContents()
#16 /home/vagrant/Code/laravelinstall/vendor/laravel/framework/src/Illuminate/View/View.php(76): Illuminate\View\View->renderContents()
#17 /home/vagrant/Code/laravelinstall/vendor/laravel/framework/src/Illuminate/Http/Response.php(43): Illuminate\View\View->render()
#18 /home/vagrant/Code/laravelinstall/vendor/symfony/http-foundation/Symfony/Component/HttpFoundation/Response.php(202): Illuminate\Http\Response->setContent(Object(Illuminate\View\View))
#19 /home/vagrant/Code/laravelinstall/vendor/laravel/framework/src/Illuminate/Routing/Router.php(1496): Symfony\Component\HttpFoundation\Response->__construct(Object(Illuminate\View\View))
#20 /home/vagrant/Code/laravelinstall/vendor/laravel/framework/src/Illuminate/Routing/Router.php(1031): Illuminate\Routing\Router->prepareResponse(Object(Illuminate\Http\Request), Object(Illuminate\View\View))
#21 /home/vagrant/Code/laravelinstall/vendor/laravel/framework/src/Illuminate/Routing/Router.php(996): Illuminate\Routing\Router->dispatchToRoute(Object(Illuminate\Http\Request))
#22 /home/vagrant/Code/laravelinstall/vendor/laravel/framework/src/Illuminate/Foundation/Application.php(775): Illuminate\Routing\Router->dispatch(Object(Illuminate\Http\Request))
#23 /home/vagrant/Code/laravelinstall/vendor/laravel/framework/src/Illuminate/Foundation/Application.php(745): Illuminate\Foundation\Application->dispatch(Object(Illuminate\Http\Request))
#24 /home/vagrant/Code/laravelinstall/vendor/barryvdh/laravel-debugbar/src/Middleware/Stack.php(34): Illuminate\Foundation\Application->handle(Object(Illuminate\Http\Request), 1, true)
#25 /home/vagrant/Code/laravelinstall/vendor/laravel/framework/src/Illuminate/Session/Middleware.php(72): Barryvdh\Debugbar\Middleware\Stack->handle(Object(Illuminate\Http\Request), 1, true)
#26 /home/vagrant/Code/laravelinstall/vendor/laravel/framework/src/Illuminate/Cookie/Queue.php(47): Illuminate\Session\Middleware->handle(Object(Illuminate\Http\Request), 1, true)
#27 /home/vagrant/Code/laravelinstall/vendor/laravel/framework/src/Illuminate/Cookie/Guard.php(51): Illuminate\Cookie\Queue->handle(Object(Illuminate\Http\Request), 1, true)
#28 /home/vagrant/Code/laravelinstall/vendor/stack/builder/src/Stack/StackedHttpKernel.php(23): Illuminate\Cookie\Guard->handle(Object(Illuminate\Http\Request), 1, true)
#29 /home/vagrant/Code/laravelinstall/vendor/laravel/framework/src/Illuminate/Foundation/Application.php(641): Stack\StackedHttpKernel->handle(Object(Illuminate\Http\Request))
#30 /home/vagrant/Code/laravelinstall/public_html/index.php(49): Illuminate\Foundation\Application->run()
#31 {main}

Next exception 'ErrorException' with message 'Undefined variable: currentUser (View: /home/vagrant/Code/laravelinstall/resources/views/layouts/partials/header.blade.php) (View: /home/vagrant/Code/laravelinstall/resources/views/layouts/partials/header.blade.php) (View: /home/vagrant/Code/laravelinstall/resources/views/layouts/partials/header.blade.php)' in /home/vagrant/Code/laravelinstall/storage/views/13d41df3ac966cca52a9ce27e0cf6159:23
Stack trace:
#0 /home/vagrant/Code/laravelinstall/vendor/laravel/framework/src/Illuminate/View/Engines/PhpEngine.php(41): Illuminate\View\Engines\CompilerEngine->handleViewException(Object(ErrorException), 1)
#1 /home/vagrant/Code/laravelinstall/vendor/laravel/framework/src/Illuminate/View/Engines/CompilerEngine.php(56): Illuminate\View\Engines\PhpEngine->evaluatePath('/home/vagrant/C...', Array)
#2 /home/vagrant/Code/laravelinstall/vendor/laravel/framework/src/Illuminate/View/View.php(134): Illuminate\View\Engines\CompilerEngine->get('/home/vagrant/C...', Array)
#3 /home/vagrant/Code/laravelinstall/vendor/laravel/framework/src/Illuminate/View/View.php(102): Illuminate\View\View->getContents()
#4 /home/vagrant/Code/laravelinstall/vendor/laravel/framework/src/Illuminate/View/View.php(76): Illuminate\View\View->renderContents()
#5 /home/vagrant/Code/laravelinstall/storage/views/3a6712bdaa67ca87a810284099f3bf98(8): Illuminate\View\View->render()
#6 /home/vagrant/Code/laravelinstall/vendor/laravel/framework/src/Illuminate/View/Engines/PhpEngine.php(37): include('/home/vagrant/C...')
#7 /home/vagrant/Code/laravelinstall/vendor/laravel/framework/src/Illuminate/View/Engines/CompilerEngine.php(56): Illuminate\View\Engines\PhpEngine->evaluatePath('/home/vagrant/C...', Array)
#8 /home/vagrant/Code/laravelinstall/vendor/laravel/framework/src/Illuminate/View/View.php(134): Illuminate\View\Engines\CompilerEngine->get('/home/vagrant/C...', Array)
#9 /home/vagrant/Code/laravelinstall/vendor/laravel/framework/src/Illuminate/View/View.php(102): Illuminate\View\View->getContents()
#10 /home/vagrant/Code/laravelinstall/vendor/laravel/framework/src/Illuminate/View/View.php(76): Illuminate\View\View->renderContents()
#11 /home/vagrant/Code/laravelinstall/vendor/laravel/framework/src/Illuminate/Http/Response.php(43): Illuminate\View\View->render()
#12 /home/vagrant/Code/laravelinstall/vendor/symfony/http-foundation/Symfony/Component/HttpFoundation/Response.php(202): Illuminate\Http\Response->setContent(Object(Illuminate\View\View))
#13 /home/vagrant/Code/laravelinstall/vendor/laravel/framework/src/Illuminate/Routing/Router.php(1496): Symfony\Component\HttpFoundation\Response->__construct(Object(Illuminate\View\View))
#14 /home/vagrant/Code/laravelinstall/vendor/laravel/framework/src/Illuminate/Routing/Router.php(1031): Illuminate\Routing\Router->prepareResponse(Object(Illuminate\Http\Request), Object(Illuminate\View\View))
#15 /home/vagrant/Code/laravelinstall/vendor/laravel/framework/src/Illuminate/Routing/Router.php(996): Illuminate\Routing\Router->dispatchToRoute(Object(Illuminate\Http\Request))
#16 /home/vagrant/Code/laravelinstall/vendor/laravel/framework/src/Illuminate/Foundation/Application.php(775): Illuminate\Routing\Router->dispatch(Object(Illuminate\Http\Request))
#17 /home/vagrant/Code/laravelinstall/vendor/laravel/framework/src/Illuminate/Foundation/Application.php(745): Illuminate\Foundation\Application->dispatch(Object(Illuminate\Http\Request))
#18 /home/vagrant/Code/laravelinstall/vendor/barryvdh/laravel-debugbar/src/Middleware/Stack.php(34): Illuminate\Foundation\Application->handle(Object(Illuminate\Http\Request), 1, true)
#19 /home/vagrant/Code/laravelinstall/vendor/laravel/framework/src/Illuminate/Session/Middleware.php(72): Barryvdh\Debugbar\Middleware\Stack->handle(Object(Illuminate\Http\Request), 1, true)
#20 /home/vagrant/Code/laravelinstall/vendor/laravel/framework/src/Illuminate/Cookie/Queue.php(47): Illuminate\Session\Middleware->handle(Object(Illuminate\Http\Request), 1, true)
#21 /home/vagrant/Code/laravelinstall/vendor/laravel/framework/src/Illuminate/Cookie/Guard.php(51): Illuminate\Cookie\Queue->handle(Object(Illuminate\Http\Request), 1, true)
#22 /home/vagrant/Code/laravelinstall/vendor/stack/builder/src/Stack/StackedHttpKernel.php(23): Illuminate\Cookie\Guard->handle(Object(Illuminate\Http\Request), 1, true)
#23 /home/vagrant/Code/laravelinstall/vendor/laravel/framework/src/Illuminate/Foundation/Application.php(641): Stack\StackedHttpKernel->handle(Object(Illuminate\Http\Request))
#24 /home/vagrant/Code/laravelinstall/public_html/index.php(49): Illuminate\Foundation\Application->run()
#25 {main}

Next exception 'ErrorException' with message 'Undefined variable: currentUser (View: /home/vagrant/Code/laravelinstall/resources/views/layouts/partials/header.blade.php) (View: /home/vagrant/Code/laravelinstall/resources/views/layouts/partials/header.blade.php) (View: /home/vagrant/Code/laravelinstall/resources/views/layouts/partials/header.blade.php) (View: /home/vagrant/Code/laravelinstall/resources/views/layouts/partials/header.blade.php)' in /home/vagrant/Code/laravelinstall/storage/views/13d41df3ac966cca52a9ce27e0cf6159:23
Stack trace:
#0 /home/vagrant/Code/laravelinstall/vendor/laravel/framework/src/Illuminate/View/Engines/PhpEngine.php(41): Illuminate\View\Engines\CompilerEngine->handleViewException(Object(ErrorException), 1)
#1 /home/vagrant/Code/laravelinstall/vendor/laravel/framework/src/Illuminate/View/Engines/CompilerEngine.php(56): Illuminate\View\Engines\PhpEngine->evaluatePath('/home/vagrant/C...', Array)
#2 /home/vagrant/Code/laravelinstall/vendor/laravel/framework/src/Illuminate/View/View.php(134): Illuminate\View\Engines\CompilerEngine->get('/home/vagrant/C...', Array)
#3 /home/vagrant/Code/laravelinstall/vendor/laravel/framework/src/Illuminate/View/View.php(102): Illuminate\View\View->getContents()
#4 /home/vagrant/Code/laravelinstall/vendor/laravel/framework/src/Illuminate/View/View.php(76): Illuminate\View\View->renderContents()
#5 /home/vagrant/Code/laravelinstall/vendor/laravel/framework/src/Illuminate/Http/Response.php(43): Illuminate\View\View->render()
#6 /home/vagrant/Code/laravelinstall/vendor/symfony/http-foundation/Symfony/Component/HttpFoundation/Response.php(202): Illuminate\Http\Response->setContent(Object(Illuminate\View\View))
#7 /home/vagrant/Code/laravelinstall/vendor/laravel/framework/src/Illuminate/Routing/Router.php(1496): Symfony\Component\HttpFoundation\Response->__construct(Object(Illuminate\View\View))
#8 /home/vagrant/Code/laravelinstall/vendor/laravel/framework/src/Illuminate/Routing/Router.php(1031): Illuminate\Routing\Router->prepareResponse(Object(Illuminate\Http\Request), Object(Illuminate\View\View))
#9 /home/vagrant/Code/laravelinstall/vendor/laravel/framework/src/Illuminate/Routing/Router.php(996): Illuminate\Routing\Router->dispatchToRoute(Object(Illuminate\Http\Request))
#10 /home/vagrant/Code/laravelinstall/vendor/laravel/framework/src/Illuminate/Foundation/Application.php(775): Illuminate\Routing\Router->dispatch(Object(Illuminate\Http\Request))
#11 /home/vagrant/Code/laravelinstall/vendor/laravel/framework/src/Illuminate/Foundation/Application.php(745): Illuminate\Foundation\Application->dispatch(Object(Illuminate\Http\Request))
#12 /home/vagrant/Code/laravelinstall/vendor/barryvdh/laravel-debugbar/src/Middleware/Stack.php(34): Illuminate\Foundation\Application->handle(Object(Illuminate\Http\Request), 1, true)
#13 /home/vagrant/Code/laravelinstall/vendor/laravel/framework/src/Illuminate/Session/Middleware.php(72): Barryvdh\Debugbar\Middleware\Stack->handle(Object(Illuminate\Http\Request), 1, true)
#14 /home/vagrant/Code/laravelinstall/vendor/laravel/framework/src/Illuminate/Cookie/Queue.php(47): Illuminate\Session\Middleware->handle(Object(Illuminate\Http\Request), 1, true)
#15 /home/vagrant/Code/laravelinstall/vendor/laravel/framework/src/Illuminate/Cookie/Guard.php(51): Illuminate\Cookie\Queue->handle(Object(Illuminate\Http\Request), 1, true)
#16 /home/vagrant/Code/laravelinstall/vendor/stack/builder/src/Stack/StackedHttpKernel.php(23): Illuminate\Cookie\Guard->handle(Object(Illuminate\Http\Request), 1, true)
#17 /home/vagrant/Code/laravelinstall/vendor/laravel/framework/src/Illuminate/Foundation/Application.php(641): Stack\StackedHttpKernel->handle(Object(Illuminate\Http\Request))
#18 /home/vagrant/Code/laravelinstall/public_html/index.php(49): Illuminate\Foundation\Application->run()
#19 {main} [] []
[2014-11-02 21:05:43] local.ERROR: exception 'ErrorException' with message 'Undefined variable: currentUser' in /home/vagrant/Code/laravelinstall/storage/views/13d41df3ac966cca52a9ce27e0cf6159:23
Stack trace:
#0 /home/vagrant/Code/laravelinstall/storage/views/13d41df3ac966cca52a9ce27e0cf6159(23): Illuminate\Exception\Handler->handleError(8, 'Undefined varia...', '/home/vagrant/C...', 23, Array)
#1 /home/vagrant/Code/laravelinstall/vendor/laravel/framework/src/Illuminate/View/Engines/PhpEngine.php(37): include('/home/vagrant/C...')
#2 /home/vagrant/Code/laravelinstall/vendor/laravel/framework/src/Illuminate/View/Engines/CompilerEngine.php(56): Illuminate\View\Engines\PhpEngine->evaluatePath('/home/vagrant/C...', Array)
#3 /home/vagrant/Code/laravelinstall/vendor/laravel/framework/src/Illuminate/View/View.php(134): Illuminate\View\Engines\CompilerEngine->get('/home/vagrant/C...', Array)
#4 /home/vagrant/Code/laravelinstall/vendor/laravel/framework/src/Illuminate/View/View.php(102): Illuminate\View\View->getContents()
#5 /home/vagrant/Code/laravelinstall/vendor/laravel/framework/src/Illuminate/View/View.php(76): Illuminate\View\View->renderContents()
#6 /home/vagrant/Code/laravelinstall/storage/views/9b9f1018a043f6d7e997bfa56ba7e17b(28): Illuminate\View\View->render()
#7 /home/vagrant/Code/laravelinstall/vendor/laravel/framework/src/Illuminate/View/Engines/PhpEngine.php(37): include('/home/vagrant/C...')
#8 /home/vagrant/Code/laravelinstall/vendor/laravel/framework/src/Illuminate/View/Engines/CompilerEngine.php(56): Illuminate\View\Engines\PhpEngine->evaluatePath('/home/vagrant/C...', Array)
#9 /home/vagrant/Code/laravelinstall/vendor/laravel/framework/src/Illuminate/View/View.php(134): Illuminate\View\Engines\CompilerEngine->get('/home/vagrant/C...', Array)
#10 /home/vagrant/Code/laravelinstall/vendor/laravel/framework/src/Illuminate/View/View.php(102): Illuminate\View\View->getContents()
#11 /home/vagrant/Code/laravelinstall/vendor/laravel/framework/src/Illuminate/View/View.php(76): Illuminate\View\View->renderContents()
#12 /home/vagrant/Code/laravelinstall/storage/views/e3c6dc4601d995e05282a34191e2c635(10): Illuminate\View\View->render()
#13 /home/vagrant/Code/laravelinstall/vendor/laravel/framework/src/Illuminate/View/Engines/PhpEngine.php(37): include('/home/vagrant/C...')
#14 /home/vagrant/Code/laravelinstall/vendor/laravel/framework/src/Illuminate/View/Engines/CompilerEngine.php(56): Illuminate\View\Engines\PhpEngine->evaluatePath('/home/vagrant/C...', Array)
#15 /home/vagrant/Code/laravelinstall/vendor/laravel/framework/src/Illuminate/View/View.php(134): Illuminate\View\Engines\CompilerEngine->get('/home/vagrant/C...', Array)
#16 /home/vagrant/Code/laravelinstall/vendor/laravel/framework/src/Illuminate/View/View.php(102): Illuminate\View\View->getContents()
#17 /home/vagrant/Code/laravelinstall/vendor/laravel/framework/src/Illuminate/View/View.php(76): Illuminate\View\View->renderContents()
#18 /home/vagrant/Code/laravelinstall/storage/views/3a6712bdaa67ca87a810284099f3bf98(8): Illuminate\View\View->render()
#19 /home/vagrant/Code/laravelinstall/vendor/laravel/framework/src/Illuminate/View/Engines/PhpEngine.php(37): include('/home/vagrant/C...')
#20 /home/vagrant/Code/laravelinstall/vendor/laravel/framework/src/Illuminate/View/Engines/CompilerEngine.php(56): Illuminate\View\Engines\PhpEngine->evaluatePath('/home/vagrant/C...', Array)
#21 /home/vagrant/Code/laravelinstall/vendor/laravel/framework/src/Illuminate/View/View.php(134): Illuminate\View\Engines\CompilerEngine->get('/home/vagrant/C...', Array)
#22 /home/vagrant/Code/laravelinstall/vendor/laravel/framework/src/Illuminate/View/View.php(102): Illuminate\View\View->getContents()
#23 /home/vagrant/Code/laravelinstall/vendor/laravel/framework/src/Illuminate/View/View.php(76): Illuminate\View\View->renderContents()
#24 /home/vagrant/Code/laravelinstall/vendor/laravel/framework/src/Illuminate/Http/Response.php(43): Illuminate\View\View->render()
#25 /home/vagrant/Code/laravelinstall/vendor/symfony/http-foundation/Symfony/Component/HttpFoundation/Response.php(202): Illuminate\Http\Response->setContent(Object(Illuminate\View\View))
#26 /home/vagrant/Code/laravelinstall/vendor/laravel/framework/src/Illuminate/Routing/Router.php(1496): Symfony\Component\HttpFoundation\Response->__construct(Object(Illuminate\View\View))
#27 /home/vagrant/Code/laravelinstall/vendor/laravel/framework/src/Illuminate/Routing/Router.php(1031): Illuminate\Routing\Router->prepareResponse(Object(Illuminate\Http\Request), Object(Illuminate\View\View))
#28 /home/vagrant/Code/laravelinstall/vendor/laravel/framework/src/Illuminate/Routing/Router.php(996): Illuminate\Routing\Router->dispatchToRoute(Object(Illuminate\Http\Request))
#29 /home/vagrant/Code/laravelinstall/vendor/laravel/framework/src/Illuminate/Foundation/Application.php(775): Illuminate\Routing\Router->dispatch(Object(Illuminate\Http\Request))
#30 /home/vagrant/Code/laravelinstall/vendor/laravel/framework/src/Illuminate/Foundation/Application.php(745): Illuminate\Foundation\Application->dispatch(Object(Illuminate\Http\Request))
#31 /home/vagrant/Code/laravelinstall/vendor/barryvdh/laravel-debugbar/src/Middleware/Stack.php(34): Illuminate\Foundation\Application->handle(Object(Illuminate\Http\Request), 1, true)
#32 /home/vagrant/Code/laravelinstall/vendor/laravel/framework/src/Illuminate/Session/Middleware.php(72): Barryvdh\Debugbar\Middleware\Stack->handle(Object(Illuminate\Http\Request), 1, true)
#33 /home/vagrant/Code/laravelinstall/vendor/laravel/framework/src/Illuminate/Cookie/Queue.php(47): Illuminate\Session\Middleware->handle(Object(Illuminate\Http\Request), 1, true)
#34 /home/vagrant/Code/laravelinstall/vendor/laravel/framework/src/Illuminate/Cookie/Guard.php(51): Illuminate\Cookie\Queue->handle(Object(Illuminate\Http\Request), 1, true)
#35 /home/vagrant/Code/laravelinstall/vendor/stack/builder/src/Stack/StackedHttpKernel.php(23): Illuminate\Cookie\Guard->handle(Object(Illuminate\Http\Request), 1, true)
#36 /home/vagrant/Code/laravelinstall/vendor/laravel/framework/src/Illuminate/Foundation/Application.php(641): Stack\StackedHttpKernel->handle(Object(Illuminate\Http\Request))
#37 /home/vagrant/Code/laravelinstall/public_html/index.php(49): Illuminate\Foundation\Application->run()
#38 {main}

Next exception 'ErrorException' with message 'Undefined variable: currentUser (View: /home/vagrant/Code/laravelinstall/resources/views/layouts/partials/header.blade.php)' in /home/vagrant/Code/laravelinstall/storage/views/13d41df3ac966cca52a9ce27e0cf6159:23
Stack trace:
#0 /home/vagrant/Code/laravelinstall/vendor/laravel/framework/src/Illuminate/View/Engines/PhpEngine.php(41): Illuminate\View\Engines\CompilerEngine->handleViewException(Object(ErrorException), 1)
#1 /home/vagrant/Code/laravelinstall/vendor/laravel/framework/src/Illuminate/View/Engines/CompilerEngine.php(56): Illuminate\View\Engines\PhpEngine->evaluatePath('/home/vagrant/C...', Array)
#2 /home/vagrant/Code/laravelinstall/vendor/laravel/framework/src/Illuminate/View/View.php(134): Illuminate\View\Engines\CompilerEngine->get('/home/vagrant/C...', Array)
#3 /home/vagrant/Code/laravelinstall/vendor/laravel/framework/src/Illuminate/View/View.php(102): Illuminate\View\View->getContents()
#4 /home/vagrant/Code/laravelinstall/vendor/laravel/framework/src/Illuminate/View/View.php(76): Illuminate\View\View->renderContents()
#5 /home/vagrant/Code/laravelinstall/storage/views/9b9f1018a043f6d7e997bfa56ba7e17b(28): Illuminate\View\View->render()
#6 /home/vagrant/Code/laravelinstall/vendor/laravel/framework/src/Illuminate/View/Engines/PhpEngine.php(37): include('/home/vagrant/C...')
#7 /home/vagrant/Code/laravelinstall/vendor/laravel/framework/src/Illuminate/View/Engines/CompilerEngine.php(56): Illuminate\View\Engines\PhpEngine->evaluatePath('/home/vagrant/C...', Array)
#8 /home/vagrant/Code/laravelinstall/vendor/laravel/framework/src/Illuminate/View/View.php(134): Illuminate\View\Engines\CompilerEngine->get('/home/vagrant/C...', Array)
#9 /home/vagrant/Code/laravelinstall/vendor/laravel/framework/src/Illuminate/View/View.php(102): Illuminate\View\View->getContents()
#10 /home/vagrant/Code/laravelinstall/vendor/laravel/framework/src/Illuminate/View/View.php(76): Illuminate\View\View->renderContents()
#11 /home/vagrant/Code/laravelinstall/storage/views/e3c6dc4601d995e05282a34191e2c635(10): Illuminate\View\View->render()
#12 /home/vagrant/Code/laravelinstall/vendor/laravel/framework/src/Illuminate/View/Engines/PhpEngine.php(37): include('/home/vagrant/C...')
#13 /home/vagrant/Code/laravelinstall/vendor/laravel/framework/src/Illuminate/View/Engines/CompilerEngine.php(56): Illuminate\View\Engines\PhpEngine->evaluatePath('/home/vagrant/C...', Array)
#14 /home/vagrant/Code/laravelinstall/vendor/laravel/framework/src/Illuminate/View/View.php(134): Illuminate\View\Engines\CompilerEngine->get('/home/vagrant/C...', Array)
#15 /home/vagrant/Code/laravelinstall/vendor/laravel/framework/src/Illuminate/View/View.php(102): Illuminate\View\View->getContents()
#16 /home/vagrant/Code/laravelinstall/vendor/laravel/framework/src/Illuminate/View/View.php(76): Illuminate\View\View->renderContents()
#17 /home/vagrant/Code/laravelinstall/storage/views/3a6712bdaa67ca87a810284099f3bf98(8): Illuminate\View\View->render()
#18 /home/vagrant/Code/laravelinstall/vendor/laravel/framework/src/Illuminate/View/Engines/PhpEngine.php(37): include('/home/vagrant/C...')
#19 /home/vagrant/Code/laravelinstall/vendor/laravel/framework/src/Illuminate/View/Engines/CompilerEngine.php(56): Illuminate\View\Engines\PhpEngine->evaluatePath('/home/vagrant/C...', Array)
#20 /home/vagrant/Code/laravelinstall/vendor/laravel/framework/src/Illuminate/View/View.php(134): Illuminate\View\Engines\CompilerEngine->get('/home/vagrant/C...', Array)
#21 /home/vagrant/Code/laravelinstall/vendor/laravel/framework/src/Illuminate/View/View.php(102): Illuminate\View\View->getContents()
#22 /home/vagrant/Code/laravelinstall/vendor/laravel/framework/src/Illuminate/View/View.php(76): Illuminate\View\View->renderContents()
#23 /home/vagrant/Code/laravelinstall/vendor/laravel/framework/src/Illuminate/Http/Response.php(43): Illuminate\View\View->render()
#24 /home/vagrant/Code/laravelinstall/vendor/symfony/http-foundation/Symfony/Component/HttpFoundation/Response.php(202): Illuminate\Http\Response->setContent(Object(Illuminate\View\View))
#25 /home/vagrant/Code/laravelinstall/vendor/laravel/framework/src/Illuminate/Routing/Router.php(1496): Symfony\Component\HttpFoundation\Response->__construct(Object(Illuminate\View\View))
#26 /home/vagrant/Code/laravelinstall/vendor/laravel/framework/src/Illuminate/Routing/Router.php(1031): Illuminate\Routing\Router->prepareResponse(Object(Illuminate\Http\Request), Object(Illuminate\View\View))
#27 /home/vagrant/Code/laravelinstall/vendor/laravel/framework/src/Illuminate/Routing/Router.php(996): Illuminate\Routing\Router->dispatchToRoute(Object(Illuminate\Http\Request))
#28 /home/vagrant/Code/laravelinstall/vendor/laravel/framework/src/Illuminate/Foundation/Application.php(775): Illuminate\Routing\Router->dispatch(Object(Illuminate\Http\Request))
#29 /home/vagrant/Code/laravelinstall/vendor/laravel/framework/src/Illuminate/Foundation/Application.php(745): Illuminate\Foundation\Application->dispatch(Object(Illuminate\Http\Request))
#30 /home/vagrant/Code/laravelinstall/vendor/barryvdh/laravel-debugbar/src/Middleware/Stack.php(34): Illuminate\Foundation\Application->handle(Object(Illuminate\Http\Request), 1, true)
#31 /home/vagrant/Code/laravelinstall/vendor/laravel/framework/src/Illuminate/Session/Middleware.php(72): Barryvdh\Debugbar\Middleware\Stack->handle(Object(Illuminate\Http\Request), 1, true)
#32 /home/vagrant/Code/laravelinstall/vendor/laravel/framework/src/Illuminate/Cookie/Queue.php(47): Illuminate\Session\Middleware->handle(Object(Illuminate\Http\Request), 1, true)
#33 /home/vagrant/Code/laravelinstall/vendor/laravel/framework/src/Illuminate/Cookie/Guard.php(51): Illuminate\Cookie\Queue->handle(Object(Illuminate\Http\Request), 1, true)
#34 /home/vagrant/Code/laravelinstall/vendor/stack/builder/src/Stack/StackedHttpKernel.php(23): Illuminate\Cookie\Guard->handle(Object(Illuminate\Http\Request), 1, true)
#35 /home/vagrant/Code/laravelinstall/vendor/laravel/framework/src/Illuminate/Foundation/Application.php(641): Stack\StackedHttpKernel->handle(Object(Illuminate\Http\Request))
#36 /home/vagrant/Code/laravelinstall/public_html/index.php(49): Illuminate\Foundation\Application->run()
#37 {main}

Next exception 'ErrorException' with message 'Undefined variable: currentUser (View: /home/vagrant/Code/laravelinstall/resources/views/layouts/partials/header.blade.php) (View: /home/vagrant/Code/laravelinstall/resources/views/layouts/partials/header.blade.php)' in /home/vagrant/Code/laravelinstall/storage/views/13d41df3ac966cca52a9ce27e0cf6159:23
Stack trace:
#0 /home/vagrant/Code/laravelinstall/vendor/laravel/framework/src/Illuminate/View/Engines/PhpEngine.php(41): Illuminate\View\Engines\CompilerEngine->handleViewException(Object(ErrorException), 1)
#1 /home/vagrant/Code/laravelinstall/vendor/laravel/framework/src/Illuminate/View/Engines/CompilerEngine.php(56): Illuminate\View\Engines\PhpEngine->evaluatePath('/home/vagrant/C...', Array)
#2 /home/vagrant/Code/laravelinstall/vendor/laravel/framework/src/Illuminate/View/View.php(134): Illuminate\View\Engines\CompilerEngine->get('/home/vagrant/C...', Array)
#3 /home/vagrant/Code/laravelinstall/vendor/laravel/framework/src/Illuminate/View/View.php(102): Illuminate\View\View->getContents()
#4 /home/vagrant/Code/laravelinstall/vendor/laravel/framework/src/Illuminate/View/View.php(76): Illuminate\View\View->renderContents()
#5 /home/vagrant/Code/laravelinstall/storage/views/e3c6dc4601d995e05282a34191e2c635(10): Illuminate\View\View->render()
#6 /home/vagrant/Code/laravelinstall/vendor/laravel/framework/src/Illuminate/View/Engines/PhpEngine.php(37): include('/home/vagrant/C...')
#7 /home/vagrant/Code/laravelinstall/vendor/laravel/framework/src/Illuminate/View/Engines/CompilerEngine.php(56): Illuminate\View\Engines\PhpEngine->evaluatePath('/home/vagrant/C...', Array)
#8 /home/vagrant/Code/laravelinstall/vendor/laravel/framework/src/Illuminate/View/View.php(134): Illuminate\View\Engines\CompilerEngine->get('/home/vagrant/C...', Array)
#9 /home/vagrant/Code/laravelinstall/vendor/laravel/framework/src/Illuminate/View/View.php(102): Illuminate\View\View->getContents()
#10 /home/vagrant/Code/laravelinstall/vendor/laravel/framework/src/Illuminate/View/View.php(76): Illuminate\View\View->renderContents()
#11 /home/vagrant/Code/laravelinstall/storage/views/3a6712bdaa67ca87a810284099f3bf98(8): Illuminate\View\View->render()
#12 /home/vagrant/Code/laravelinstall/vendor/laravel/framework/src/Illuminate/View/Engines/PhpEngine.php(37): include('/home/vagrant/C...')
#13 /home/vagrant/Code/laravelinstall/vendor/laravel/framework/src/Illuminate/View/Engines/CompilerEngine.php(56): Illuminate\View\Engines\PhpEngine->evaluatePath('/home/vagrant/C...', Array)
#14 /home/vagrant/Code/laravelinstall/vendor/laravel/framework/src/Illuminate/View/View.php(134): Illuminate\View\Engines\CompilerEngine->get('/home/vagrant/C...', Array)
#15 /home/vagrant/Code/laravelinstall/vendor/laravel/framework/src/Illuminate/View/View.php(102): Illuminate\View\View->getContents()
#16 /home/vagrant/Code/laravelinstall/vendor/laravel/framework/src/Illuminate/View/View.php(76): Illuminate\View\View->renderContents()
#17 /home/vagrant/Code/laravelinstall/vendor/laravel/framework/src/Illuminate/Http/Response.php(43): Illuminate\View\View->render()
#18 /home/vagrant/Code/laravelinstall/vendor/symfony/http-foundation/Symfony/Component/HttpFoundation/Response.php(202): Illuminate\Http\Response->setContent(Object(Illuminate\View\View))
#19 /home/vagrant/Code/laravelinstall/vendor/laravel/framework/src/Illuminate/Routing/Router.php(1496): Symfony\Component\HttpFoundation\Response->__construct(Object(Illuminate\View\View))
#20 /home/vagrant/Code/laravelinstall/vendor/laravel/framework/src/Illuminate/Routing/Router.php(1031): Illuminate\Routing\Router->prepareResponse(Object(Illuminate\Http\Request), Object(Illuminate\View\View))
#21 /home/vagrant/Code/laravelinstall/vendor/laravel/framework/src/Illuminate/Routing/Router.php(996): Illuminate\Routing\Router->dispatchToRoute(Object(Illuminate\Http\Request))
#22 /home/vagrant/Code/laravelinstall/vendor/laravel/framework/src/Illuminate/Foundation/Application.php(775): Illuminate\Routing\Router->dispatch(Object(Illuminate\Http\Request))
#23 /home/vagrant/Code/laravelinstall/vendor/laravel/framework/src/Illuminate/Foundation/Application.php(745): Illuminate\Foundation\Application->dispatch(Object(Illuminate\Http\Request))
#24 /home/vagrant/Code/laravelinstall/vendor/barryvdh/laravel-debugbar/src/Middleware/Stack.php(34): Illuminate\Foundation\Application->handle(Object(Illuminate\Http\Request), 1, true)
#25 /home/vagrant/Code/laravelinstall/vendor/laravel/framework/src/Illuminate/Session/Middleware.php(72): Barryvdh\Debugbar\Middleware\Stack->handle(Object(Illuminate\Http\Request), 1, true)
#26 /home/vagrant/Code/laravelinstall/vendor/laravel/framework/src/Illuminate/Cookie/Queue.php(47): Illuminate\Session\Middleware->handle(Object(Illuminate\Http\Request), 1, true)
#27 /home/vagrant/Code/laravelinstall/vendor/laravel/framework/src/Illuminate/Cookie/Guard.php(51): Illuminate\Cookie\Queue->handle(Object(Illuminate\Http\Request), 1, true)
#28 /home/vagrant/Code/laravelinstall/vendor/stack/builder/src/Stack/StackedHttpKernel.php(23): Illuminate\Cookie\Guard->handle(Object(Illuminate\Http\Request), 1, true)
#29 /home/vagrant/Code/laravelinstall/vendor/laravel/framework/src/Illuminate/Foundation/Application.php(641): Stack\StackedHttpKernel->handle(Object(Illuminate\Http\Request))
#30 /home/vagrant/Code/laravelinstall/public_html/index.php(49): Illuminate\Foundation\Application->run()
#31 {main}

Next exception 'ErrorException' with message 'Undefined variable: currentUser (View: /home/vagrant/Code/laravelinstall/resources/views/layouts/partials/header.blade.php) (View: /home/vagrant/Code/laravelinstall/resources/views/layouts/partials/header.blade.php) (View: /home/vagrant/Code/laravelinstall/resources/views/layouts/partials/header.blade.php)' in /home/vagrant/Code/laravelinstall/storage/views/13d41df3ac966cca52a9ce27e0cf6159:23
Stack trace:
#0 /home/vagrant/Code/laravelinstall/vendor/laravel/framework/src/Illuminate/View/Engines/PhpEngine.php(41): Illuminate\View\Engines\CompilerEngine->handleViewException(Object(ErrorException), 1)
#1 /home/vagrant/Code/laravelinstall/vendor/laravel/framework/src/Illuminate/View/Engines/CompilerEngine.php(56): Illuminate\View\Engines\PhpEngine->evaluatePath('/home/vagrant/C...', Array)
#2 /home/vagrant/Code/laravelinstall/vendor/laravel/framework/src/Illuminate/View/View.php(134): Illuminate\View\Engines\CompilerEngine->get('/home/vagrant/C...', Array)
#3 /home/vagrant/Code/laravelinstall/vendor/laravel/framework/src/Illuminate/View/View.php(102): Illuminate\View\View->getContents()
#4 /home/vagrant/Code/laravelinstall/vendor/laravel/framework/src/Illuminate/View/View.php(76): Illuminate\View\View->renderContents()
#5 /home/vagrant/Code/laravelinstall/storage/views/3a6712bdaa67ca87a810284099f3bf98(8): Illuminate\View\View->render()
#6 /home/vagrant/Code/laravelinstall/vendor/laravel/framework/src/Illuminate/View/Engines/PhpEngine.php(37): include('/home/vagrant/C...')
#7 /home/vagrant/Code/laravelinstall/vendor/laravel/framework/src/Illuminate/View/Engines/CompilerEngine.php(56): Illuminate\View\Engines\PhpEngine->evaluatePath('/home/vagrant/C...', Array)
#8 /home/vagrant/Code/laravelinstall/vendor/laravel/framework/src/Illuminate/View/View.php(134): Illuminate\View\Engines\CompilerEngine->get('/home/vagrant/C...', Array)
#9 /home/vagrant/Code/laravelinstall/vendor/laravel/framework/src/Illuminate/View/View.php(102): Illuminate\View\View->getContents()
#10 /home/vagrant/Code/laravelinstall/vendor/laravel/framework/src/Illuminate/View/View.php(76): Illuminate\View\View->renderContents()
#11 /home/vagrant/Code/laravelinstall/vendor/laravel/framework/src/Illuminate/Http/Response.php(43): Illuminate\View\View->render()
#12 /home/vagrant/Code/laravelinstall/vendor/symfony/http-foundation/Symfony/Component/HttpFoundation/Response.php(202): Illuminate\Http\Response->setContent(Object(Illuminate\View\View))
#13 /home/vagrant/Code/laravelinstall/vendor/laravel/framework/src/Illuminate/Routing/Router.php(1496): Symfony\Component\HttpFoundation\Response->__construct(Object(Illuminate\View\View))
#14 /home/vagrant/Code/laravelinstall/vendor/laravel/framework/src/Illuminate/Routing/Router.php(1031): Illuminate\Routing\Router->prepareResponse(Object(Illuminate\Http\Request), Object(Illuminate\View\View))
#15 /home/vagrant/Code/laravelinstall/vendor/laravel/framework/src/Illuminate/Routing/Router.php(996): Illuminate\Routing\Router->dispatchToRoute(Object(Illuminate\Http\Request))
#16 /home/vagrant/Code/laravelinstall/vendor/laravel/framework/src/Illuminate/Foundation/Application.php(775): Illuminate\Routing\Router->dispatch(Object(Illuminate\Http\Request))
#17 /home/vagrant/Code/laravelinstall/vendor/laravel/framework/src/Illuminate/Foundation/Application.php(745): Illuminate\Foundation\Application->dispatch(Object(Illuminate\Http\Request))
#18 /home/vagrant/Code/laravelinstall/vendor/barryvdh/laravel-debugbar/src/Middleware/Stack.php(34): Illuminate\Foundation\Application->handle(Object(Illuminate\Http\Request), 1, true)
#19 /home/vagrant/Code/laravelinstall/vendor/laravel/framework/src/Illuminate/Session/Middleware.php(72): Barryvdh\Debugbar\Middleware\Stack->handle(Object(Illuminate\Http\Request), 1, true)
#20 /home/vagrant/Code/laravelinstall/vendor/laravel/framework/src/Illuminate/Cookie/Queue.php(47): Illuminate\Session\Middleware->handle(Object(Illuminate\Http\Request), 1, true)
#21 /home/vagrant/Code/laravelinstall/vendor/laravel/framework/src/Illuminate/Cookie/Guard.php(51): Illuminate\Cookie\Queue->handle(Object(Illuminate\Http\Request), 1, true)
#22 /home/vagrant/Code/laravelinstall/vendor/stack/builder/src/Stack/StackedHttpKernel.php(23): Illuminate\Cookie\Guard->handle(Object(Illuminate\Http\Request), 1, true)
#23 /home/vagrant/Code/laravelinstall/vendor/laravel/framework/src/Illuminate/Foundation/Application.php(641): Stack\StackedHttpKernel->handle(Object(Illuminate\Http\Request))
#24 /home/vagrant/Code/laravelinstall/public_html/index.php(49): Illuminate\Foundation\Application->run()
#25 {main}

Next exception 'ErrorException' with message 'Undefined variable: currentUser (View: /home/vagrant/Code/laravelinstall/resources/views/layouts/partials/header.blade.php) (View: /home/vagrant/Code/laravelinstall/resources/views/layouts/partials/header.blade.php) (View: /home/vagrant/Code/laravelinstall/resources/views/layouts/partials/header.blade.php) (View: /home/vagrant/Code/laravelinstall/resources/views/layouts/partials/header.blade.php)' in /home/vagrant/Code/laravelinstall/storage/views/13d41df3ac966cca52a9ce27e0cf6159:23
Stack trace:
#0 /home/vagrant/Code/laravelinstall/vendor/laravel/framework/src/Illuminate/View/Engines/PhpEngine.php(41): Illuminate\View\Engines\CompilerEngine->handleViewException(Object(ErrorException), 1)
#1 /home/vagrant/Code/laravelinstall/vendor/laravel/framework/src/Illuminate/View/Engines/CompilerEngine.php(56): Illuminate\View\Engines\PhpEngine->evaluatePath('/home/vagrant/C...', Array)
#2 /home/vagrant/Code/laravelinstall/vendor/laravel/framework/src/Illuminate/View/View.php(134): Illuminate\View\Engines\CompilerEngine->get('/home/vagrant/C...', Array)
#3 /home/vagrant/Code/laravelinstall/vendor/laravel/framework/src/Illuminate/View/View.php(102): Illuminate\View\View->getContents()
#4 /home/vagrant/Code/laravelinstall/vendor/laravel/framework/src/Illuminate/View/View.php(76): Illuminate\View\View->renderContents()
#5 /home/vagrant/Code/laravelinstall/vendor/laravel/framework/src/Illuminate/Http/Response.php(43): Illuminate\View\View->render()
#6 /home/vagrant/Code/laravelinstall/vendor/symfony/http-foundation/Symfony/Component/HttpFoundation/Response.php(202): Illuminate\Http\Response->setContent(Object(Illuminate\View\View))
#7 /home/vagrant/Code/laravelinstall/vendor/laravel/framework/src/Illuminate/Routing/Router.php(1496): Symfony\Component\HttpFoundation\Response->__construct(Object(Illuminate\View\View))
#8 /home/vagrant/Code/laravelinstall/vendor/laravel/framework/src/Illuminate/Routing/Router.php(1031): Illuminate\Routing\Router->prepareResponse(Object(Illuminate\Http\Request), Object(Illuminate\View\View))
#9 /home/vagrant/Code/laravelinstall/vendor/laravel/framework/src/Illuminate/Routing/Router.php(996): Illuminate\Routing\Router->dispatchToRoute(Object(Illuminate\Http\Request))
#10 /home/vagrant/Code/laravelinstall/vendor/laravel/framework/src/Illuminate/Foundation/Application.php(775): Illuminate\Routing\Router->dispatch(Object(Illuminate\Http\Request))
#11 /home/vagrant/Code/laravelinstall/vendor/laravel/framework/src/Illuminate/Foundation/Application.php(745): Illuminate\Foundation\Application->dispatch(Object(Illuminate\Http\Request))
#12 /home/vagrant/Code/laravelinstall/vendor/barryvdh/laravel-debugbar/src/Middleware/Stack.php(34): Illuminate\Foundation\Application->handle(Object(Illuminate\Http\Request), 1, true)
#13 /home/vagrant/Code/laravelinstall/vendor/laravel/framework/src/Illuminate/Session/Middleware.php(72): Barryvdh\Debugbar\Middleware\Stack->handle(Object(Illuminate\Http\Request), 1, true)
#14 /home/vagrant/Code/laravelinstall/vendor/laravel/framework/src/Illuminate/Cookie/Queue.php(47): Illuminate\Session\Middleware->handle(Object(Illuminate\Http\Request), 1, true)
#15 /home/vagrant/Code/laravelinstall/vendor/laravel/framework/src/Illuminate/Cookie/Guard.php(51): Illuminate\Cookie\Queue->handle(Object(Illuminate\Http\Request), 1, true)
#16 /home/vagrant/Code/laravelinstall/vendor/stack/builder/src/Stack/StackedHttpKernel.php(23): Illuminate\Cookie\Guard->handle(Object(Illuminate\Http\Request), 1, true)
#17 /home/vagrant/Code/laravelinstall/vendor/laravel/framework/src/Illuminate/Foundation/Application.php(641): Stack\StackedHttpKernel->handle(Object(Illuminate\Http\Request))
#18 /home/vagrant/Code/laravelinstall/public_html/index.php(49): Illuminate\Foundation\Application->run()
#19 {main} [] []
